0 info it worked if it ends with ok
1 verbose cli [ 'C:\\Program Files\\nodejs\\node.exe',
1 verbose cli   'C:\\Users\\Josh\\AppData\\Roaming\\npm\\node_modules\\npm\\bin\\npm-cli.js',
1 verbose cli   'start',
1 verbose cli   'examples/doubleJump.ows' ]
2 info using npm@4.1.2
3 info using node@v10.4.0
4 verbose run-script [ 'prestart', 'start', 'poststart' ]
5 info lifecycle ows@0.1.0~prestart: ows@0.1.0
6 silly lifecycle ows@0.1.0~prestart: no script for prestart, continuing
7 info lifecycle ows@0.1.0~start: ows@0.1.0
8 verbose lifecycle ows@0.1.0~start: unsafe-perm in lifecycle true
9 verbose lifecycle ows@0.1.0~start: PATH: C:\Users\Josh\AppData\Roaming\npm\node_modules\npm\bin\node-gyp-bin;C:\Users\Josh\Documents\code\OWS\node_modules\.bin;C:\Program Files\Git\mingw64\bin;C:\Program Files\Git\usr\bin;C:\Users\Josh\bin;C:\Program Files (x86)\Common Files\Intel\Shared Libraries\redist\intel64\compiler;C:\Python36;C:\Python36\Scripts;C:\Program Files (x86)\Common Files\Oracle\Java\javapath;C:\Program Files (x86)\Razer Chroma SDK\bin;C:\Program Files\Razer Chroma SDK\bin;C:\Program Files\Python36\Scripts;C:\Program Files\Python36;C:\Program Files (x86)\Python36-32\Scripts;C:\Program Files (x86)\Python36-32;C:\ProgramData\Oracle\Java\javapath;C:\Program Files (x86)\Intel\iCLS Client;C:\Program Files\Intel\iCLS Client;C:\Windows\system32;C:\Windows;C:\Windows\System32\Wbem;C:\Windows\System32\WindowsPowerShell\v1.0;C:\Program Files (x86)\Intel\Intel(R) Management Engine Components\DAL;C:\Program Files\Intel\Intel(R) Management Engine Components\DAL;C:\Program Files (x86)\Intel\Intel(R) Management Engine Components\IPT;C:\Program Files\Intel\Intel(R) Management Engine Components\IPT;C:\Program Files (x86)\NVIDIA Corporation\PhysX\Common;C:\Program Files\Git\cmd;C:\Program Files\Git\mingw64\bin;C:\Program Files\Git\usr\bin;C:\Program Files\Java\jdk1.8.0_101\bin;C:\WINDOWS\system32;C:\WINDOWS;C:\WINDOWS\System32\Wbem;C:\WINDOWS\System32\WindowsPowerShell\v1.0;C:\Program Files\PuTTY;C:\TDM-GCC-64\bin;C:\Program Files (x86)\GtkSharp\2.12\bin;C:\Program Files (x86)\QuickTime\QTSystem;C:\Program Files (x86)\Yarn\bin;C:\MinGW\bin;C:\WINDOWS\System32\OpenSSH;C:\Program Files (x86)\Windows Kits\8.1\Windows Performance Toolkit;C:\Program Files\nodejs;C:\WINDOWS\system32\config\systemprofile\AppData\Local\Microsoft\WindowsApps;C:\Program Files\Microsoft VS Code\bin;C:\Program Files\NVIDIA Corporation\NVIDIA NvDLISR;C:\Program Files (x86)\Common Files\Acronis\VirtualFile;C:\Program Files (x86)\Common Files\Acronis\VirtualFile64;C:\Program Files (x86)\Common Files\Acronis\SnapAPI;C:\Ruby25-x64\bin;C:\Users\Josh\AppData\Local\Programs\Python\Python36-32\Scripts;C:\Users\Josh\AppData\Local\Programs\Python\Python36-32;C:\Users\Josh\AppData\Local\Microsoft\WindowsApps;C:\Python27;C:\Program Files\Heroku\bin;C:\ffmpeg\bin;C:\Users\Josh\Documents\chromedriver;C:\Users\Josh\Documents\path;C:\Program Files\Docker Toolbox;C:\Program Files\Microsoft VS Code\bin;C:\Program Files\MongoDB\Server\3.4\bin;C:\php;C:\Users\Josh\AppData\Local\Yarn\bin;F:\Josh\Code\File-Man\dist;C:\MinGW\bin;C:\Users\Josh\AppData\Roaming\npm;C:\Users\Josh\AppData\Roaming\Dashlane\6.1907.0.17833\bin\Firefox_Extension\{442718d9-475e-452a-b3e1-fb1ee16b8e9f}\components;C:\Users\Josh\AppData\Roaming\Dashlane\6.1907.0.17833\ucrt;C:\Users\Josh\AppData\Roaming\Dashlane\6.1907.0.17833\bin\Qt;C:\Users\Josh\AppData\Roaming\Dashlane\6.1907.0.17833\bin\Ssl
10 verbose lifecycle ows@0.1.0~start: CWD: C:\Users\Josh\Documents\code\OWS
11 silly lifecycle ows@0.1.0~start: Args: [ '/d /s /c', 'node . "examples/doubleJump.ows"' ]
12 silly lifecycle ows@0.1.0~start: Returned: code: 1  signal: null
13 info lifecycle ows@0.1.0~start: Failed to exec start script
14 verbose stack Error: ows@0.1.0 start: `node . "examples/doubleJump.ows"`
14 verbose stack Exit status 1
14 verbose stack     at EventEmitter.<anonymous> (C:\Users\Josh\AppData\Roaming\npm\node_modules\npm\lib\utils\lifecycle.js:279:16)
14 verbose stack     at EventEmitter.emit (events.js:182:13)
14 verbose stack     at ChildProcess.<anonymous> (C:\Users\Josh\AppData\Roaming\npm\node_modules\npm\lib\utils\spawn.js:40:14)
14 verbose stack     at ChildProcess.emit (events.js:182:13)
14 verbose stack     at maybeClose (internal/child_process.js:961:16)
14 verbose stack     at Process.ChildProcess._handle.onexit (internal/child_process.js:248:5)
15 verbose pkgid ows@0.1.0
16 verbose cwd C:\Users\Josh\Documents\code\OWS
17 error Windows_NT 10.0.17134
18 error argv "C:\\Program Files\\nodejs\\node.exe" "C:\\Users\\Josh\\AppData\\Roaming\\npm\\node_modules\\npm\\bin\\npm-cli.js" "start" "examples/doubleJump.ows"
19 error node v10.4.0
20 error npm  v4.1.2
21 error code ELIFECYCLE
22 error ows@0.1.0 start: `node . "examples/doubleJump.ows"`
22 error Exit status 1
23 error Failed at the ows@0.1.0 start script 'node . "examples/doubleJump.ows"'.
23 error Make sure you have the latest version of node.js and npm installed.
23 error If you do, this is most likely a problem with the ows package,
23 error not with npm itself.
23 error Tell the author that this fails on your system:
23 error     node . "examples/doubleJump.ows"
23 error You can get information on how to open an issue for this project with:
23 error     npm bugs ows
23 error Or if that isn't available, you can get their info via:
23 error     npm owner ls ows
23 error There is likely additional logging output above.
24 verbose exit [ 1, true ]
